<?xml version="1.0" encoding="UTF-8"?>
<coverage generated="1700587856747" clover="3.2.0">
  <project timestamp="1700587856747" name="All files">
    <metrics statements="21" coveredstatements="21" conditionals="7" coveredconditionals="6" methods="7" coveredmethods="7" elements="35" coveredelements="34" complexity="0" loc="21" ncloc="21" packages="1" files="1" classes="1"/>
    <file name="openMarine.ts" path="/Users/ajesuscode/dev/sdks/marine_meteo/src/openMarine.ts">
      <metrics statements="21" coveredstatements="21" conditionals="7" coveredconditionals="6" methods="7" coveredmethods="7"/>
      <line num="3" count="1" type="stmt"/>
      <line num="97" count="3" type="stmt"/>
      <line num="101" count="3" type="stmt"/>
      <line num="105" count="10" type="cond" truecount="1" falsecount="0"/>
      <line num="111" count="1" type="stmt"/>
      <line num="116" count="9" type="cond" truecount="1" falsecount="0"/>
      <line num="117" count="3" type="stmt"/>
      <line num="127" count="10" type="stmt"/>
      <line num="128" count="9" type="stmt"/>
      <line num="130" count="6" type="stmt"/>
      <line num="131" count="6" type="stmt"/>
      <line num="132" count="6" type="stmt"/>
      <line num="133" count="6" type="stmt"/>
      <line num="135" count="6" type="stmt"/>
      <line num="136" count="6" type="stmt"/>
      <line num="139" count="3" type="stmt"/>
      <line num="141" count="3" type="stmt"/>
      <line num="150" count="6" type="stmt"/>
      <line num="158" count="2" type="stmt"/>
      <line num="166" count="2" type="stmt"/>
      <line num="170" count="1" type="stmt"/>
    </file>
  </project>
</coverage>
