<?xml version="1.0" encoding="UTF-8"?>
<coverage generated="1700582675719" clover="3.2.0">
  <project timestamp="1700582675720" name="All files">
    <metrics statements="29" coveredstatements="27" conditionals="9" coveredconditionals="8" methods="5" coveredmethods="5" elements="43" coveredelements="40" complexity="0" loc="29" ncloc="29" packages="1" files="1" classes="1"/>
    <file name="marineApiSdk.ts" path="/Users/ajesuscode/dev/sdks/marine_meteo/src/marineApiSdk.ts">
      <metrics statements="29" coveredstatements="27" conditionals="9" coveredconditionals="8" methods="5" coveredmethods="5"/>
      <line num="3" count="1" type="stmt"/>
      <line num="97" count="3" type="stmt"/>
      <line num="99" count="3" type="cond" truecount="0" falsecount="1"/>
      <line num="110" count="7" type="cond" truecount="1" falsecount="0"/>
      <line num="116" count="1" type="stmt"/>
      <line num="118" count="6" type="stmt"/>
      <line num="123" count="6" type="stmt"/>
      <line num="132" count="6" type="cond" truecount="1" falsecount="0"/>
      <line num="133" count="1" type="stmt"/>
      <line num="137" count="5" type="stmt"/>
      <line num="138" count="4" type="stmt"/>
      <line num="139" count="4" type="stmt"/>
      <line num="140" count="1" type="stmt"/>
      <line num="143" count="3" type="stmt"/>
      <line num="153" count="2" type="cond" truecount="1" falsecount="0"/>
      <line num="154" count="1" type="stmt"/>
      <line num="159" count="1" type="stmt"/>
      <line num="160" count="1" type="stmt"/>
      <line num="161" count="1" type="stmt"/>
      <line num="162" count="1" type="stmt"/>
      <line num="165" count="0" type="stmt"/>
      <line num="175" count="2" type="cond" truecount="1" falsecount="0"/>
      <line num="176" count="1" type="stmt"/>
      <line num="181" count="1" type="stmt"/>
      <line num="182" count="1" type="stmt"/>
      <line num="183" count="1" type="stmt"/>
      <line num="184" count="1" type="stmt"/>
      <line num="187" count="0" type="stmt"/>
      <line num="192" count="1" type="stmt"/>
    </file>
  </project>
</coverage>
