{"/Users/ajesuscode/dev/sdks/marine_meteo/src/marineApiSdk.ts": {"path":"/Users/ajesuscode/dev/sdks/marine_meteo/src/marineApiSdk.ts","statementMap":{"0":{"start":{"line":3,"column":0},"end":{"line":3,"column":26}},"1":{"start":{"line":99,"column":22},"end":{"line":99,"column":35}},"2":{"start":{"line":97,"column":10},"end":{"line":97,"column":74}},"3":{"start":{"line":110,"column":4},"end":{"line":117,"column":5}},"4":{"start":{"line":116,"column":6},"end":{"line":116,"column":63}},"5":{"start":{"line":118,"column":19},"end":{"line":122,"column":6}},"6":{"start":{"line":123,"column":4},"end":{"line":123,"column":50}},"7":{"start":{"line":132,"column":4},"end":{"line":136,"column":5}},"8":{"start":{"line":133,"column":6},"end":{"line":135,"column":8}},"9":{"start":{"line":137,"column":16},"end":{"line":137,"column":76}},"10":{"start":{"line":138,"column":4},"end":{"line":144,"column":5}},"11":{"start":{"line":139,"column":23},"end":{"line":139,"column":62}},"12":{"start":{"line":140,"column":6},"end":{"line":140,"column":27}},"13":{"start":{"line":143,"column":6},"end":{"line":143,"column":18}},"14":{"start":{"line":153,"column":4},"end":{"line":157,"column":5}},"15":{"start":{"line":154,"column":6},"end":{"line":156,"column":8}},"16":{"start":{"line":159,"column":16},"end":{"line":159,"column":75}},"17":{"start":{"line":160,"column":4},"end":{"line":166,"column":5}},"18":{"start":{"line":161,"column":23},"end":{"line":161,"column":62}},"19":{"start":{"line":162,"column":6},"end":{"line":162,"column":27}},"20":{"start":{"line":165,"column":6},"end":{"line":165,"column":18}},"21":{"start":{"line":175,"column":4},"end":{"line":179,"column":5}},"22":{"start":{"line":176,"column":6},"end":{"line":178,"column":8}},"23":{"start":{"line":181,"column":16},"end":{"line":181,"column":77}},"24":{"start":{"line":182,"column":4},"end":{"line":188,"column":5}},"25":{"start":{"line":183,"column":23},"end":{"line":183,"column":62}},"26":{"start":{"line":184,"column":6},"end":{"line":184,"column":27}},"27":{"start":{"line":187,"column":6},"end":{"line":187,"column":18}},"28":{"start":{"line":192,"column":0},"end":{"line":192,"column":28}}},"fnMap":{"0":{"name":"(anonymous_8)","decl":{"start":{"line":99,"column":2},"end":{"line":99,"column":22}},"loc":{"start":{"line":99,"column":40},"end":{"line":101,"column":3}}},"1":{"name":"(anonymous_9)","decl":{"start":{"line":104,"column":10},"end":{"line":104,"column":22}},"loc":{"start":{"line":108,"column":24},"end":{"line":124,"column":3}}},"2":{"name":"(anonymous_10)","decl":{"start":{"line":127,"column":15},"end":{"line":127,"column":32}},"loc":{"start":{"line":130,"column":24},"end":{"line":145,"column":null}}},"3":{"name":"(anonymous_12)","decl":{"start":{"line":148,"column":15},"end":{"line":148,"column":31}},"loc":{"start":{"line":151,"column":24},"end":{"line":167,"column":null}}},"4":{"name":"(anonymous_14)","decl":{"start":{"line":170,"column":15},"end":{"line":170,"column":33}},"loc":{"start":{"line":173,"column":24},"end":{"line":189,"column":null}}}},"branchMap":{"0":{"loc":{"start":{"line":99,"column":22},"end":{"line":99,"column":40}},"type":"default-arg","locations":[{"start":{"line":99,"column":35},"end":{"line":99,"column":40}}]},"1":{"loc":{"start":{"line":110,"column":4},"end":{"line":117,"column":5}},"type":"if","locations":[{"start":{"line":110,"column":4},"end":{"line":117,"column":5}}]},"2":{"loc":{"start":{"line":111,"column":6},"end":{"line":114,"column":21}},"type":"binary-expr","locations":[{"start":{"line":111,"column":6},"end":{"line":111,"column":20}},{"start":{"line":112,"column":6},"end":{"line":112,"column":19}},{"start":{"line":113,"column":6},"end":{"line":113,"column":22}},{"start":{"line":114,"column":6},"end":{"line":114,"column":21}}]},"3":{"loc":{"start":{"line":132,"column":4},"end":{"line":136,"column":5}},"type":"if","locations":[{"start":{"line":132,"column":4},"end":{"line":136,"column":5}}]},"4":{"loc":{"start":{"line":153,"column":4},"end":{"line":157,"column":5}},"type":"if","locations":[{"start":{"line":153,"column":4},"end":{"line":157,"column":5}}]},"5":{"loc":{"start":{"line":175,"column":4},"end":{"line":179,"column":5}},"type":"if","locations":[{"start":{"line":175,"column":4},"end":{"line":179,"column":5}}]}},"s":{"0":1,"1":3,"2":3,"3":7,"4":1,"5":6,"6":6,"7":6,"8":1,"9":5,"10":4,"11":4,"12":1,"13":3,"14":2,"15":1,"16":1,"17":1,"18":1,"19":1,"20":0,"21":2,"22":1,"23":1,"24":1,"25":1,"26":1,"27":0,"28":1},"f":{"0":3,"1":7,"2":6,"3":2,"4":2},"b":{"0":[0],"1":[1],"2":[7,6,6,6],"3":[1],"4":[1],"5":[1]}}
}
