{"/Users/ajesuscode/dev/sdks/marine_meteo/src/openMarine.ts": {"path":"/Users/ajesuscode/dev/sdks/marine_meteo/src/openMarine.ts","statementMap":{"0":{"start":{"line":3,"column":0},"end":{"line":3,"column":45}},"1":{"start":{"line":97,"column":10},"end":{"line":97,"column":74}},"2":{"start":{"line":101,"column":4},"end":{"line":101,"column":33}},"3":{"start":{"line":105,"column":4},"end":{"line":112,"column":5}},"4":{"start":{"line":111,"column":6},"end":{"line":111,"column":63}},"5":{"start":{"line":116,"column":4},"end":{"line":118,"column":5}},"6":{"start":{"line":117,"column":6},"end":{"line":117,"column":78}},"7":{"start":{"line":127,"column":4},"end":{"line":127,"column":50}},"8":{"start":{"line":128,"column":4},"end":{"line":128,"column":40}},"9":{"start":{"line":130,"column":16},"end":{"line":130,"column":37}},"10":{"start":{"line":131,"column":4},"end":{"line":131,"column":61}},"11":{"start":{"line":132,"column":4},"end":{"line":132,"column":63}},"12":{"start":{"line":133,"column":4},"end":{"line":133,"column":64}},"13":{"start":{"line":135,"column":4},"end":{"line":142,"column":5}},"14":{"start":{"line":136,"column":23},"end":{"line":137,"column":null}},"15":{"start":{"line":139,"column":6},"end":{"line":139,"column":27}},"16":{"start":{"line":141,"column":6},"end":{"line":141,"column":75}},"17":{"start":{"line":150,"column":4},"end":{"line":150,"column":73}},"18":{"start":{"line":158,"column":4},"end":{"line":158,"column":72}},"19":{"start":{"line":166,"column":4},"end":{"line":166,"column":74}},"20":{"start":{"line":170,"column":0},"end":{"line":170,"column":26}}},"fnMap":{"0":{"name":"(anonymous_8)","decl":{"start":{"line":100,"column":2},"end":{"line":100,"column":14}},"loc":{"start":{"line":100,"column":32},"end":{"line":102,"column":3}}},"1":{"name":"(anonymous_9)","decl":{"start":{"line":104,"column":10},"end":{"line":104,"column":29}},"loc":{"start":{"line":104,"column":65},"end":{"line":113,"column":3}}},"2":{"name":"(anonymous_10)","decl":{"start":{"line":115,"column":10},"end":{"line":115,"column":28}},"loc":{"start":{"line":115,"column":49},"end":{"line":119,"column":3}}},"3":{"name":"(anonymous_11)","decl":{"start":{"line":121,"column":16},"end":{"line":121,"column":29}},"loc":{"start":{"line":125,"column":24},"end":{"line":143,"column":null}}},"4":{"name":"(anonymous_13)","decl":{"start":{"line":145,"column":9},"end":{"line":145,"column":18}},"loc":{"start":{"line":148,"column":24},"end":{"line":151,"column":3}}},"5":{"name":"(anonymous_14)","decl":{"start":{"line":153,"column":9},"end":{"line":153,"column":17}},"loc":{"start":{"line":156,"column":24},"end":{"line":159,"column":3}}},"6":{"name":"(anonymous_15)","decl":{"start":{"line":161,"column":9},"end":{"line":161,"column":19}},"loc":{"start":{"line":164,"column":24},"end":{"line":167,"column":3}}}},"branchMap":{"0":{"loc":{"start":{"line":100,"column":14},"end":{"line":100,"column":32}},"type":"default-arg","locations":[{"start":{"line":100,"column":27},"end":{"line":100,"column":32}}]},"1":{"loc":{"start":{"line":105,"column":4},"end":{"line":112,"column":5}},"type":"if","locations":[{"start":{"line":105,"column":4},"end":{"line":112,"column":5}}]},"2":{"loc":{"start":{"line":106,"column":6},"end":{"line":109,"column":21}},"type":"binary-expr","locations":[{"start":{"line":106,"column":6},"end":{"line":106,"column":20}},{"start":{"line":107,"column":6},"end":{"line":107,"column":19}},{"start":{"line":108,"column":6},"end":{"line":108,"column":22}},{"start":{"line":109,"column":6},"end":{"line":109,"column":21}}]},"3":{"loc":{"start":{"line":116,"column":4},"end":{"line":118,"column":5}},"type":"if","locations":[{"start":{"line":116,"column":4},"end":{"line":118,"column":5}}]}},"s":{"0":1,"1":3,"2":3,"3":10,"4":1,"5":9,"6":3,"7":10,"8":9,"9":6,"10":6,"11":6,"12":6,"13":6,"14":6,"15":3,"16":3,"17":6,"18":2,"19":2,"20":1},"f":{"0":3,"1":10,"2":9,"3":10,"4":6,"5":2,"6":2},"b":{"0":[0],"1":[1],"2":[10,9,9,9],"3":[3]}}
}
