TN:
SF:src/marineApiSdk.ts
FN:99,(anonymous_8)
FN:104,(anonymous_9)
FN:127,(anonymous_10)
FN:148,(anonymous_12)
FN:170,(anonymous_14)
FNF:5
FNH:5
FNDA:3,(anonymous_8)
FNDA:7,(anonymous_9)
FNDA:6,(anonymous_10)
FNDA:2,(anonymous_12)
FNDA:2,(anonymous_14)
DA:3,1
DA:97,3
DA:99,3
DA:110,7
DA:116,1
DA:118,6
DA:123,6
DA:132,6
DA:133,1
DA:137,5
DA:138,4
DA:139,4
DA:140,1
DA:143,3
DA:153,2
DA:154,1
DA:159,1
DA:160,1
DA:161,1
DA:162,1
DA:165,0
DA:175,2
DA:176,1
DA:181,1
DA:182,1
DA:183,1
DA:184,1
DA:187,0
DA:192,1
LF:29
LH:27
BRDA:99,0,0,0
BRDA:110,1,0,1
BRDA:111,2,0,7
BRDA:111,2,1,6
BRDA:111,2,2,6
BRDA:111,2,3,6
BRDA:132,3,0,1
BRDA:153,4,0,1
BRDA:175,5,0,1
BRF:9
BRH:8
end_of_record
