TN:
SF:src/openMarine.ts
FN:100,(anonymous_8)
FN:104,(anonymous_9)
FN:115,(anonymous_10)
FN:121,(anonymous_11)
FN:145,(anonymous_13)
FN:153,(anonymous_14)
FN:161,(anonymous_15)
FNF:7
FNH:7
FNDA:3,(anonymous_8)
FNDA:10,(anonymous_9)
FNDA:9,(anonymous_10)
FNDA:10,(anonymous_11)
FNDA:6,(anonymous_13)
FNDA:2,(anonymous_14)
FNDA:2,(anonymous_15)
DA:3,1
DA:97,3
DA:101,3
DA:105,10
DA:111,1
DA:116,9
DA:117,3
DA:127,10
DA:128,9
DA:130,6
DA:131,6
DA:132,6
DA:133,6
DA:135,6
DA:136,6
DA:139,3
DA:141,3
DA:150,6
DA:158,2
DA:166,2
DA:170,1
LF:21
LH:21
BRDA:100,0,0,0
BRDA:105,1,0,1
BRDA:106,2,0,10
BRDA:106,2,1,9
BRDA:106,2,2,9
BRDA:106,2,3,9
BRDA:116,3,0,3
BRF:7
BRH:6
end_of_record
